<?xml version="1.0" encoding="UTF-8"?>
<testsuite xmlns:xsi="http://www.w3.org/2001/XMLSchema-instance" xsi:noNamespaceSchemaLocation="https://maven.apache.org/surefire/maven-surefire-plugin/xsd/surefire-test-report.xsd" version="3.0.2" name="br.com.elvisassis.integrationtests.swagger.SwaggerIntegrationTest" time="1.138" tests="1" errors="0" skipped="0" failures="0">
  <properties>
    <property name="java.specification.version" value="21"/>
    <property name="sun.jnu.encoding" value="UTF-8"/>
    <property name="java.class.path" value="/home/elvis/projetos/udemy/rest-with-spring-boot-and-java-elvis/09_WorkingWithDTOPattern/target/test-classes:/home/elvis/projetos/udemy/rest-with-spring-boot-and-java-elvis/09_WorkingWithDTOPattern/target/classes:/home/elvis/.m2/repository/org/springframework/boot/spring-boot-starter-mail/3.4.4/spring-boot-starter-mail-3.4.4.jar:/home/elvis/.m2/repository/org/springframework/boot/spring-boot-starter/3.4.4/spring-boot-starter-3.4.4.jar:/home/elvis/.m2/repository/org/springframework/boot/spring-boot-starter-logging/3.4.4/spring-boot-starter-logging-3.4.4.jar:/home/elvis/.m2/repository/ch/qos/logback/logback-classic/1.5.18/logback-classic-1.5.18.jar:/home/elvis/.m2/repository/ch/qos/logback/logback-core/1.5.18/logback-core-1.5.18.jar:/home/elvis/.m2/repository/org/apache/logging/log4j/log4j-to-slf4j/2.24.3/log4j-to-slf4j-2.24.3.jar:/home/elvis/.m2/repository/org/slf4j/jul-to-slf4j/2.0.17/jul-to-slf4j-2.0.17.jar:/home/elvis/.m2/repository/jakarta/annotation/jakarta.annotation-api/2.1.1/jakarta.annotation-api-2.1.1.jar:/home/elvis/.m2/repository/org/springframework/spring-context-support/6.2.5/spring-context-support-6.2.5.jar:/home/elvis/.m2/repository/org/eclipse/angus/jakarta.mail/2.0.3/jakarta.mail-2.0.3.jar:/home/elvis/.m2/repository/jakarta/activation/jakarta.activation-api/2.1.3/jakarta.activation-api-2.1.3.jar:/home/elvis/.m2/repository/org/eclipse/angus/angus-activation/2.0.2/angus-activation-2.0.2.jar:/home/elvis/.m2/repository/org/springframework/boot/spring-boot-starter-web/3.4.4/spring-boot-starter-web-3.4.4.jar:/home/elvis/.m2/repository/org/springframework/boot/spring-boot-starter-json/3.4.4/spring-boot-starter-json-3.4.4.jar:/home/elvis/.m2/repository/com/fasterxml/jackson/datatype/jackson-datatype-jdk8/2.18.3/jackson-datatype-jdk8-2.18.3.jar:/home/elvis/.m2/repository/com/fasterxml/jackson/module/jackson-module-parameter-names/2.18.3/jackson-module-parameter-names-2.18.3.jar:/home/elvis/.m2/repository/org/springframework/boot/spring-boot-starter-tomcat/3.4.4/spring-boot-starter-tomcat-3.4.4.jar:/home/elvis/.m2/repository/org/apache/tomcat/embed/tomcat-embed-core/10.1.39/tomcat-embed-core-10.1.39.jar:/home/elvis/.m2/repository/org/apache/tomcat/embed/tomcat-embed-el/10.1.39/tomcat-embed-el-10.1.39.jar:/home/elvis/.m2/repository/org/apache/tomcat/embed/tomcat-embed-websocket/10.1.39/tomcat-embed-websocket-10.1.39.jar:/home/elvis/.m2/repository/org/springframework/spring-web/6.2.5/spring-web-6.2.5.jar:/home/elvis/.m2/repository/io/micrometer/micrometer-observation/1.14.5/micrometer-observation-1.14.5.jar:/home/elvis/.m2/repository/io/micrometer/micrometer-commons/1.14.5/micrometer-commons-1.14.5.jar:/home/elvis/.m2/repository/org/springframework/spring-webmvc/6.2.5/spring-webmvc-6.2.5.jar:/home/elvis/.m2/repository/org/springframework/spring-expression/6.2.5/spring-expression-6.2.5.jar:/home/elvis/.m2/repository/org/springframework/boot/spring-boot-starter-data-jpa/3.4.4/spring-boot-starter-data-jpa-3.4.4.jar:/home/elvis/.m2/repository/org/springframework/boot/spring-boot-starter-jdbc/3.4.4/spring-boot-starter-jdbc-3.4.4.jar:/home/elvis/.m2/repository/com/zaxxer/HikariCP/5.1.0/HikariCP-5.1.0.jar:/home/elvis/.m2/repository/org/springframework/spring-jdbc/6.2.5/spring-jdbc-6.2.5.jar:/home/elvis/.m2/repository/org/hibernate/orm/hibernate-core/6.6.11.Final/hibernate-core-6.6.11.Final.jar:/home/elvis/.m2/repository/jakarta/persistence/jakarta.persistence-api/3.1.0/jakarta.persistence-api-3.1.0.jar:/home/elvis/.m2/repository/jakarta/transaction/jakarta.transaction-api/2.0.1/jakarta.transaction-api-2.0.1.jar:/home/elvis/.m2/repository/org/jboss/logging/jboss-logging/3.6.1.Final/jboss-logging-3.6.1.Final.jar:/home/elvis/.m2/repository/org/hibernate/common/hibernate-commons-annotations/7.0.3.Final/hibernate-commons-annotations-7.0.3.Final.jar:/home/elvis/.m2/repository/io/smallrye/jandex/3.2.0/jandex-3.2.0.jar:/home/elvis/.m2/repository/com/fasterxml/classmate/1.7.0/classmate-1.7.0.jar:/home/elvis/.m2/repository/net/bytebuddy/byte-buddy/1.15.11/byte-buddy-1.15.11.jar:/home/elvis/.m2/repository/jakarta/inject/jakarta.inject-api/2.0.1/jakarta.inject-api-2.0.1.jar:/home/elvis/.m2/repository/org/antlr/antlr4-runtime/4.13.0/antlr4-runtime-4.13.0.jar:/home/elvis/.m2/repository/org/springframework/data/spring-data-jpa/3.4.4/spring-data-jpa-3.4.4.jar:/home/elvis/.m2/repository/org/springframework/data/spring-data-commons/3.4.4/spring-data-commons-3.4.4.jar:/home/elvis/.m2/repository/org/springframework/spring-orm/6.2.5/spring-orm-6.2.5.jar:/home/elvis/.m2/repository/org/springframework/spring-tx/6.2.5/spring-tx-6.2.5.jar:/home/elvis/.m2/repository/org/springframework/spring-aspects/6.2.5/spring-aspects-6.2.5.jar:/home/elvis/.m2/repository/org/aspectj/aspectjweaver/1.9.23/aspectjweaver-1.9.23.jar:/home/elvis/.m2/repository/org/springframework/boot/spring-boot-starter-security/3.4.4/spring-boot-starter-security-3.4.4.jar:/home/elvis/.m2/repository/org/springframework/spring-aop/6.2.5/spring-aop-6.2.5.jar:/home/elvis/.m2/repository/org/springframework/security/spring-security-config/6.4.4/spring-security-config-6.4.4.jar:/home/elvis/.m2/repository/org/springframework/security/spring-security-core/6.4.4/spring-security-core-6.4.4.jar:/home/elvis/.m2/repository/org/springframework/security/spring-security-crypto/6.4.4/spring-security-crypto-6.4.4.jar:/home/elvis/.m2/repository/org/springframework/security/spring-security-web/6.4.4/spring-security-web-6.4.4.jar:/home/elvis/.m2/repository/com/auth0/java-jwt/4.5.0/java-jwt-4.5.0.jar:/home/elvis/.m2/repository/com/fasterxml/jackson/core/jackson-core/2.18.3/jackson-core-2.18.3.jar:/home/elvis/.m2/repository/com/fasterxml/jackson/core/jackson-databind/2.18.3/jackson-databind-2.18.3.jar:/home/elvis/.m2/repository/org/springframework/hateoas/spring-hateoas/2.4.1/spring-hateoas-2.4.1.jar:/home/elvis/.m2/repository/org/springframework/spring-beans/6.2.5/spring-beans-6.2.5.jar:/home/elvis/.m2/repository/org/springframework/spring-context/6.2.5/spring-context-6.2.5.jar:/home/elvis/.m2/repository/org/springframework/spring-core/6.2.5/spring-core-6.2.5.jar:/home/elvis/.m2/repository/org/springframework/spring-jcl/6.2.5/spring-jcl-6.2.5.jar:/home/elvis/.m2/repository/org/springframework/plugin/spring-plugin-core/3.0.0/spring-plugin-core-3.0.0.jar:/home/elvis/.m2/repository/com/jayway/jsonpath/json-path/2.9.0/json-path-2.9.0.jar:/home/elvis/.m2/repository/org/slf4j/slf4j-api/2.0.17/slf4j-api-2.0.17.jar:/home/elvis/.m2/repository/org/springdoc/springdoc-openapi-starter-webmvc-ui/2.8.6/springdoc-openapi-starter-webmvc-ui-2.8.6.jar:/home/elvis/.m2/repository/org/springdoc/springdoc-openapi-starter-webmvc-api/2.8.6/springdoc-openapi-starter-webmvc-api-2.8.6.jar:/home/elvis/.m2/repository/org/springdoc/springdoc-openapi-starter-common/2.8.6/springdoc-openapi-starter-common-2.8.6.jar:/home/elvis/.m2/repository/io/swagger/core/v3/swagger-core-jakarta/2.2.29/swagger-core-jakarta-2.2.29.jar:/home/elvis/.m2/repository/io/swagger/core/v3/swagger-annotations-jakarta/2.2.29/swagger-annotations-jakarta-2.2.29.jar:/home/elvis/.m2/repository/io/swagger/core/v3/swagger-models-jakarta/2.2.29/swagger-models-jakarta-2.2.29.jar:/home/elvis/.m2/repository/jakarta/validation/jakarta.validation-api/3.0.2/jakarta.validation-api-3.0.2.jar:/home/elvis/.m2/repository/org/webjars/swagger-ui/5.20.1/swagger-ui-5.20.1.jar:/home/elvis/.m2/repository/org/webjars/webjars-locator-lite/1.0.1/webjars-locator-lite-1.0.1.jar:/home/elvis/.m2/repository/org/jspecify/jspecify/1.0.0/jspecify-1.0.0.jar:/home/elvis/.m2/repository/com/fasterxml/jackson/dataformat/jackson-dataformat-xml/2.18.3/jackson-dataformat-xml-2.18.3.jar:/home/elvis/.m2/repository/com/fasterxml/jackson/core/jackson-annotations/2.18.3/jackson-annotations-2.18.3.jar:/home/elvis/.m2/repository/org/codehaus/woodstox/stax2-api/4.2.2/stax2-api-4.2.2.jar:/home/elvis/.m2/repository/com/fasterxml/woodstox/woodstox-core/7.0.0/woodstox-core-7.0.0.jar:/home/elvis/.m2/repository/com/fasterxml/jackson/dataformat/jackson-dataformat-yaml/2.18.3/jackson-dataformat-yaml-2.18.3.jar:/home/elvis/.m2/repository/org/yaml/snakeyaml/2.3/snakeyaml-2.3.jar:/home/elvis/.m2/repository/org/apache/commons/commons-csv/1.14.0/commons-csv-1.14.0.jar:/home/elvis/.m2/repository/commons-io/commons-io/2.18.0/commons-io-2.18.0.jar:/home/elvis/.m2/repository/commons-codec/commons-codec/1.17.2/commons-codec-1.17.2.jar:/home/elvis/.m2/repository/org/apache/poi/poi-ooxml/5.4.1/poi-ooxml-5.4.1.jar:/home/elvis/.m2/repository/org/apache/poi/poi/5.4.1/poi-5.4.1.jar:/home/elvis/.m2/repository/org/apache/commons/commons-math3/3.6.1/commons-math3-3.6.1.jar:/home/elvis/.m2/repository/com/zaxxer/SparseBitSet/1.3/SparseBitSet-1.3.jar:/home/elvis/.m2/repository/org/apache/poi/poi-ooxml-lite/5.4.1/poi-ooxml-lite-5.4.1.jar:/home/elvis/.m2/repository/org/apache/xmlbeans/xmlbeans/5.3.0/xmlbeans-5.3.0.jar:/home/elvis/.m2/repository/org/apache/commons/commons-compress/1.27.1/commons-compress-1.27.1.jar:/home/elvis/.m2/repository/com/github/virtuald/curvesapi/1.08/curvesapi-1.08.jar:/home/elvis/.m2/repository/org/apache/logging/log4j/log4j-api/2.24.3/log4j-api-2.24.3.jar:/home/elvis/.m2/repository/org/apache/commons/commons-collections4/4.4/commons-collections4-4.4.jar:/home/elvis/.m2/repository/net/sf/jasperreports/jasperreports/7.0.2/jasperreports-7.0.2.jar:/home/elvis/.m2/repository/commons-logging/commons-logging/1.3.0/commons-logging-1.3.0.jar:/home/elvis/.m2/repository/org/apache/xmlgraphics/batik-anim/1.18/batik-anim-1.18.jar:/home/elvis/.m2/repository/org/apache/xmlgraphics/batik-ext/1.18/batik-ext-1.18.jar:/home/elvis/.m2/repository/org/apache/xmlgraphics/batik-parser/1.18/batik-parser-1.18.jar:/home/elvis/.m2/repository/org/apache/xmlgraphics/batik-shared-resources/1.18/batik-shared-resources-1.18.jar:/home/elvis/.m2/repository/org/apache/xmlgraphics/batik-bridge/1.18/batik-bridge-1.18.jar:/home/elvis/.m2/repository/org/apache/xmlgraphics/batik-script/1.18/batik-script-1.18.jar:/home/elvis/.m2/repository/org/apache/xmlgraphics/batik-xml/1.18/batik-xml-1.18.jar:/home/elvis/.m2/repository/org/apache/xmlgraphics/xmlgraphics-commons/2.10/xmlgraphics-commons-2.10.jar:/home/elvis/.m2/repository/org/apache/xmlgraphics/batik-dom/1.18/batik-dom-1.18.jar:/home/elvis/.m2/repository/org/apache/xmlgraphics/batik-svg-dom/1.18/batik-svg-dom-1.18.jar:/home/elvis/.m2/repository/org/apache/xmlgraphics/batik-awt-util/1.18/batik-awt-util-1.18.jar:/home/elvis/.m2/repository/org/apache/xmlgraphics/batik-gvt/1.18/batik-gvt-1.18.jar:/home/elvis/.m2/repository/org/apache/xmlgraphics/batik-util/1.18/batik-util-1.18.jar:/home/elvis/.m2/repository/org/apache/xmlgraphics/batik-i18n/1.18/batik-i18n-1.18.jar:/home/elvis/.m2/repository/org/apache/xmlgraphics/batik-constants/1.18/batik-constants-1.18.jar:/home/elvis/.m2/repository/org/apache/xmlgraphics/batik-css/1.18/batik-css-1.18.jar:/home/elvis/.m2/repository/xml-apis/xml-apis-ext/1.3.04/xml-apis-ext-1.3.04.jar:/home/elvis/.m2/repository/commons-beanutils/commons-beanutils/1.9.4/commons-beanutils-1.9.4.jar:/home/elvis/.m2/repository/commons-collections/commons-collections/3.2.2/commons-collections-3.2.2.jar:/home/elvis/.m2/repository/net/sf/jasperreports/jasperreports-fonts/7.0.2/jasperreports-fonts-7.0.2.jar:/home/elvis/.m2/repository/net/sf/jasperreports/jasperreports-pdf/7.0.2/jasperreports-pdf-7.0.2.jar:/home/elvis/.m2/repository/com/github/librepdf/openpdf/1.3.32/openpdf-1.3.32.jar:/home/elvis/.m2/repository/com/adobe/xmp/xmpcore/6.1.11/xmpcore-6.1.11.jar:/home/elvis/.m2/repository/com/google/zxing/core/3.5.3/core-3.5.3.jar:/home/elvis/.m2/repository/com/google/zxing/javase/3.5.3/javase-3.5.3.jar:/home/elvis/.m2/repository/com/beust/jcommander/1.82/jcommander-1.82.jar:/home/elvis/.m2/repository/com/github/jai-imageio/jai-imageio-core/1.4.0/jai-imageio-core-1.4.0.jar:/home/elvis/.m2/repository/com/mysql/mysql-connector-j/9.1.0/mysql-connector-j-9.1.0.jar:/home/elvis/.m2/repository/org/flywaydb/flyway-core/10.20.1/flyway-core-10.20.1.jar:/home/elvis/.m2/repository/com/fasterxml/jackson/dataformat/jackson-dataformat-toml/2.18.3/jackson-dataformat-toml-2.18.3.jar:/home/elvis/.m2/repository/com/fasterxml/jackson/datatype/jackson-datatype-jsr310/2.18.3/jackson-datatype-jsr310-2.18.3.jar:/home/elvis/.m2/repository/org/flywaydb/flyway-mysql/10.20.1/flyway-mysql-10.20.1.jar:/home/elvis/.m2/repository/org/projectlombok/lombok/1.18.36/lombok-1.18.36.jar:/home/elvis/.m2/repository/com/github/dozermapper/dozer-core/7.0.0/dozer-core-7.0.0.jar:/home/elvis/.m2/repository/org/apache/commons/commons-lang3/3.17.0/commons-lang3-3.17.0.jar:/home/elvis/.m2/repository/jakarta/xml/bind/jakarta.xml.bind-api/4.0.2/jakarta.xml.bind-api-4.0.2.jar:/home/elvis/.m2/repository/org/glassfish/jaxb/jaxb-runtime/4.0.5/jaxb-runtime-4.0.5.jar:/home/elvis/.m2/repository/org/glassfish/jaxb/jaxb-core/4.0.5/jaxb-core-4.0.5.jar:/home/elvis/.m2/repository/org/glassfish/jaxb/txw2/4.0.5/txw2-4.0.5.jar:/home/elvis/.m2/repository/com/sun/istack/istack-commons-runtime/4.1.2/istack-commons-runtime-4.1.2.jar:/home/elvis/.m2/repository/org/glassfish/jaxb/jaxb-xjc/4.0.5/jaxb-xjc-4.0.5.jar:/home/elvis/.m2/repository/org/glassfish/jaxb/xsom/4.0.5/xsom-4.0.5.jar:/home/elvis/.m2/repository/com/sun/xml/bind/external/relaxng-datatype/4.0.5/relaxng-datatype-4.0.5.jar:/home/elvis/.m2/repository/org/glassfish/jaxb/codemodel/4.0.5/codemodel-4.0.5.jar:/home/elvis/.m2/repository/com/sun/xml/bind/external/rngom/4.0.5/rngom-4.0.5.jar:/home/elvis/.m2/repository/com/sun/xml/dtd-parser/dtd-parser/1.5.1/dtd-parser-1.5.1.jar:/home/elvis/.m2/repository/com/sun/istack/istack-commons-tools/4.1.2/istack-commons-tools-4.1.2.jar:/home/elvis/.m2/repository/org/slf4j/jcl-over-slf4j/2.0.17/jcl-over-slf4j-2.0.17.jar:/home/elvis/.m2/repository/org/objenesis/objenesis/3.3/objenesis-3.3.jar:/home/elvis/.m2/repository/org/mapstruct/mapstruct/1.6.3/mapstruct-1.6.3.jar:/home/elvis/.m2/repository/org/springframework/boot/spring-boot-starter-test/3.4.4/spring-boot-starter-test-3.4.4.jar:/home/elvis/.m2/repository/org/springframework/boot/spring-boot-test/3.4.4/spring-boot-test-3.4.4.jar:/home/elvis/.m2/repository/org/springframework/boot/spring-boot-test-autoconfigure/3.4.4/spring-boot-test-autoconfigure-3.4.4.jar:/home/elvis/.m2/repository/net/minidev/json-smart/2.5.2/json-smart-2.5.2.jar:/home/elvis/.m2/repository/net/minidev/accessors-smart/2.5.2/accessors-smart-2.5.2.jar:/home/elvis/.m2/repository/org/ow2/asm/asm/9.7.1/asm-9.7.1.jar:/home/elvis/.m2/repository/org/assertj/assertj-core/3.26.3/assertj-core-3.26.3.jar:/home/elvis/.m2/repository/org/awaitility/awaitility/4.2.2/awaitility-4.2.2.jar:/home/elvis/.m2/repository/org/hamcrest/hamcrest/2.2/hamcrest-2.2.jar:/home/elvis/.m2/repository/org/junit/jupiter/junit-jupiter/5.11.4/junit-jupiter-5.11.4.jar:/home/elvis/.m2/repository/org/junit/jupiter/junit-jupiter-api/5.11.4/junit-jupiter-api-5.11.4.jar:/home/elvis/.m2/repository/org/opentest4j/opentest4j/1.3.0/opentest4j-1.3.0.jar:/home/elvis/.m2/repository/org/junit/platform/junit-platform-commons/1.11.4/junit-platform-commons-1.11.4.jar:/home/elvis/.m2/repository/org/apiguardian/apiguardian-api/1.1.2/apiguardian-api-1.1.2.jar:/home/elvis/.m2/repository/org/junit/jupiter/junit-jupiter-params/5.11.4/junit-jupiter-params-5.11.4.jar:/home/elvis/.m2/repository/org/junit/jupiter/junit-jupiter-engine/5.11.4/junit-jupiter-engine-5.11.4.jar:/home/elvis/.m2/repository/org/junit/platform/junit-platform-engine/1.11.4/junit-platform-engine-1.11.4.jar:/home/elvis/.m2/repository/org/mockito/mockito-core/5.14.2/mockito-core-5.14.2.jar:/home/elvis/.m2/repository/net/bytebuddy/byte-buddy-agent/1.15.11/byte-buddy-agent-1.15.11.jar:/home/elvis/.m2/repository/org/mockito/mockito-junit-jupiter/5.14.2/mockito-junit-jupiter-5.14.2.jar:/home/elvis/.m2/repository/org/skyscreamer/jsonassert/1.5.3/jsonassert-1.5.3.jar:/home/elvis/.m2/repository/com/vaadin/external/google/android-json/0.0.20131108.vaadin1/android-json-0.0.20131108.vaadin1.jar:/home/elvis/.m2/repository/org/springframework/spring-test/6.2.5/spring-test-6.2.5.jar:/home/elvis/.m2/repository/org/xmlunit/xmlunit-core/2.10.0/xmlunit-core-2.10.0.jar:/home/elvis/.m2/repository/org/testcontainers/mysql/1.20.6/mysql-1.20.6.jar:/home/elvis/.m2/repository/org/testcontainers/jdbc/1.20.6/jdbc-1.20.6.jar:/home/elvis/.m2/repository/org/testcontainers/database-commons/1.20.6/database-commons-1.20.6.jar:/home/elvis/.m2/repository/org/testcontainers/testcontainers/1.20.6/testcontainers-1.20.6.jar:/home/elvis/.m2/repository/junit/junit/4.13.2/junit-4.13.2.jar:/home/elvis/.m2/repository/org/hamcrest/hamcrest-core/2.2/hamcrest-core-2.2.jar:/home/elvis/.m2/repository/org/rnorth/duct-tape/duct-tape/1.0.8/duct-tape-1.0.8.jar:/home/elvis/.m2/repository/org/jetbrains/annotations/17.0.0/annotations-17.0.0.jar:/home/elvis/.m2/repository/com/github/docker-java/docker-java-api/3.4.1/docker-java-api-3.4.1.jar:/home/elvis/.m2/repository/com/github/docker-java/docker-java-transport-zerodep/3.4.1/docker-java-transport-zerodep-3.4.1.jar:/home/elvis/.m2/repository/com/github/docker-java/docker-java-transport/3.4.1/docker-java-transport-3.4.1.jar:/home/elvis/.m2/repository/net/java/dev/jna/jna/5.13.0/jna-5.13.0.jar:/home/elvis/.m2/repository/io/rest-assured/rest-assured/5.5.1/rest-assured-5.5.1.jar:/home/elvis/.m2/repository/org/apache/groovy/groovy/4.0.26/groovy-4.0.26.jar:/home/elvis/.m2/repository/org/apache/groovy/groovy-xml/4.0.26/groovy-xml-4.0.26.jar:/home/elvis/.m2/repository/org/apache/httpcomponents/httpclient/4.5.13/httpclient-4.5.13.jar:/home/elvis/.m2/repository/org/apache/httpcomponents/httpcore/4.4.16/httpcore-4.4.16.jar:/home/elvis/.m2/repository/org/apache/httpcomponents/httpmime/4.5.13/httpmime-4.5.13.jar:/home/elvis/.m2/repository/org/ccil/cowan/tagsoup/tagsoup/1.2.1/tagsoup-1.2.1.jar:/home/elvis/.m2/repository/io/rest-assured/json-path/5.5.1/json-path-5.5.1.jar:/home/elvis/.m2/repository/org/apache/groovy/groovy-json/4.0.26/groovy-json-4.0.26.jar:/home/elvis/.m2/repository/io/rest-assured/rest-assured-common/5.5.1/rest-assured-common-5.5.1.jar:/home/elvis/.m2/repository/io/rest-assured/xml-path/5.5.1/xml-path-5.5.1.jar:/home/elvis/.m2/repository/org/springframework/boot/spring-boot-devtools/3.4.4/spring-boot-devtools-3.4.4.jar:/home/elvis/.m2/repository/org/springframework/boot/spring-boot/3.4.4/spring-boot-3.4.4.jar:/home/elvis/.m2/repository/org/springframework/boot/spring-boot-autoconfigure/3.4.4/spring-boot-autoconfigure-3.4.4.jar:"/>
    <property name="java.vm.vendor" value="Oracle Corporation"/>
    <property name="LOG_PATH" value="/home/elvis/logs/"/>
    <property name="sun.arch.data.model" value="64"/>
    <property name="java.vendor.url" value="https://java.oracle.com/"/>
    <property name="catalina.useNaming" value="false"/>
    <property name="user.timezone" value="America/Sao_Paulo"/>
    <property name="org.jboss.logging.provider" value="slf4j"/>
    <property name="os.name" value="Linux"/>
    <property name="java.vm.specification.version" value="21"/>
    <property name="user.country" value="US"/>
    <property name="sun.java.launcher" value="SUN_STANDARD"/>
    <property name="sun.boot.library.path" value="/home/elvis/.sdkman/candidates/java/21.0.3-oracle/lib"/>
    <property name="sun.java.command" value="/home/elvis/projetos/udemy/rest-with-spring-boot-and-java-elvis/09_WorkingWithDTOPattern/target/surefire/surefirebooter-20250424162138139_3.jar /home/elvis/projetos/udemy/rest-with-spring-boot-and-java-elvis/09_WorkingWithDTOPattern/target/surefire 2025-04-24T16-21-37_875-jvmRun1 surefire-20250424162138139_1tmp surefire_0-20250424162138139_2tmp"/>
    <property name="jdk.debug" value="release"/>
    <property name="surefire.test.class.path" value="/home/elvis/projetos/udemy/rest-with-spring-boot-and-java-elvis/09_WorkingWithDTOPattern/target/test-classes:/home/elvis/projetos/udemy/rest-with-spring-boot-and-java-elvis/09_WorkingWithDTOPattern/target/classes:/home/elvis/.m2/repository/org/springframework/boot/spring-boot-starter-mail/3.4.4/spring-boot-starter-mail-3.4.4.jar:/home/elvis/.m2/repository/org/springframework/boot/spring-boot-starter/3.4.4/spring-boot-starter-3.4.4.jar:/home/elvis/.m2/repository/org/springframework/boot/spring-boot-starter-logging/3.4.4/spring-boot-starter-logging-3.4.4.jar:/home/elvis/.m2/repository/ch/qos/logback/logback-classic/1.5.18/logback-classic-1.5.18.jar:/home/elvis/.m2/repository/ch/qos/logback/logback-core/1.5.18/logback-core-1.5.18.jar:/home/elvis/.m2/repository/org/apache/logging/log4j/log4j-to-slf4j/2.24.3/log4j-to-slf4j-2.24.3.jar:/home/elvis/.m2/repository/org/slf4j/jul-to-slf4j/2.0.17/jul-to-slf4j-2.0.17.jar:/home/elvis/.m2/repository/jakarta/annotation/jakarta.annotation-api/2.1.1/jakarta.annotation-api-2.1.1.jar:/home/elvis/.m2/repository/org/springframework/spring-context-support/6.2.5/spring-context-support-6.2.5.jar:/home/elvis/.m2/repository/org/eclipse/angus/jakarta.mail/2.0.3/jakarta.mail-2.0.3.jar:/home/elvis/.m2/repository/jakarta/activation/jakarta.activation-api/2.1.3/jakarta.activation-api-2.1.3.jar:/home/elvis/.m2/repository/org/eclipse/angus/angus-activation/2.0.2/angus-activation-2.0.2.jar:/home/elvis/.m2/repository/org/springframework/boot/spring-boot-starter-web/3.4.4/spring-boot-starter-web-3.4.4.jar:/home/elvis/.m2/repository/org/springframework/boot/spring-boot-starter-json/3.4.4/spring-boot-starter-json-3.4.4.jar:/home/elvis/.m2/repository/com/fasterxml/jackson/datatype/jackson-datatype-jdk8/2.18.3/jackson-datatype-jdk8-2.18.3.jar:/home/elvis/.m2/repository/com/fasterxml/jackson/module/jackson-module-parameter-names/2.18.3/jackson-module-parameter-names-2.18.3.jar:/home/elvis/.m2/repository/org/springframework/boot/spring-boot-starter-tomcat/3.4.4/spring-boot-starter-tomcat-3.4.4.jar:/home/elvis/.m2/repository/org/apache/tomcat/embed/tomcat-embed-core/10.1.39/tomcat-embed-core-10.1.39.jar:/home/elvis/.m2/repository/org/apache/tomcat/embed/tomcat-embed-el/10.1.39/tomcat-embed-el-10.1.39.jar:/home/elvis/.m2/repository/org/apache/tomcat/embed/tomcat-embed-websocket/10.1.39/tomcat-embed-websocket-10.1.39.jar:/home/elvis/.m2/repository/org/springframework/spring-web/6.2.5/spring-web-6.2.5.jar:/home/elvis/.m2/repository/io/micrometer/micrometer-observation/1.14.5/micrometer-observation-1.14.5.jar:/home/elvis/.m2/repository/io/micrometer/micrometer-commons/1.14.5/micrometer-commons-1.14.5.jar:/home/elvis/.m2/repository/org/springframework/spring-webmvc/6.2.5/spring-webmvc-6.2.5.jar:/home/elvis/.m2/repository/org/springframework/spring-expression/6.2.5/spring-expression-6.2.5.jar:/home/elvis/.m2/repository/org/springframework/boot/spring-boot-starter-data-jpa/3.4.4/spring-boot-starter-data-jpa-3.4.4.jar:/home/elvis/.m2/repository/org/springframework/boot/spring-boot-starter-jdbc/3.4.4/spring-boot-starter-jdbc-3.4.4.jar:/home/elvis/.m2/repository/com/zaxxer/HikariCP/5.1.0/HikariCP-5.1.0.jar:/home/elvis/.m2/repository/org/springframework/spring-jdbc/6.2.5/spring-jdbc-6.2.5.jar:/home/elvis/.m2/repository/org/hibernate/orm/hibernate-core/6.6.11.Final/hibernate-core-6.6.11.Final.jar:/home/elvis/.m2/repository/jakarta/persistence/jakarta.persistence-api/3.1.0/jakarta.persistence-api-3.1.0.jar:/home/elvis/.m2/repository/jakarta/transaction/jakarta.transaction-api/2.0.1/jakarta.transaction-api-2.0.1.jar:/home/elvis/.m2/repository/org/jboss/logging/jboss-logging/3.6.1.Final/jboss-logging-3.6.1.Final.jar:/home/elvis/.m2/repository/org/hibernate/common/hibernate-commons-annotations/7.0.3.Final/hibernate-commons-annotations-7.0.3.Final.jar:/home/elvis/.m2/repository/io/smallrye/jandex/3.2.0/jandex-3.2.0.jar:/home/elvis/.m2/repository/com/fasterxml/classmate/1.7.0/classmate-1.7.0.jar:/home/elvis/.m2/repository/net/bytebuddy/byte-buddy/1.15.11/byte-buddy-1.15.11.jar:/home/elvis/.m2/repository/jakarta/inject/jakarta.inject-api/2.0.1/jakarta.inject-api-2.0.1.jar:/home/elvis/.m2/repository/org/antlr/antlr4-runtime/4.13.0/antlr4-runtime-4.13.0.jar:/home/elvis/.m2/repository/org/springframework/data/spring-data-jpa/3.4.4/spring-data-jpa-3.4.4.jar:/home/elvis/.m2/repository/org/springframework/data/spring-data-commons/3.4.4/spring-data-commons-3.4.4.jar:/home/elvis/.m2/repository/org/springframework/spring-orm/6.2.5/spring-orm-6.2.5.jar:/home/elvis/.m2/repository/org/springframework/spring-tx/6.2.5/spring-tx-6.2.5.jar:/home/elvis/.m2/repository/org/springframework/spring-aspects/6.2.5/spring-aspects-6.2.5.jar:/home/elvis/.m2/repository/org/aspectj/aspectjweaver/1.9.23/aspectjweaver-1.9.23.jar:/home/elvis/.m2/repository/org/springframework/boot/spring-boot-starter-security/3.4.4/spring-boot-starter-security-3.4.4.jar:/home/elvis/.m2/repository/org/springframework/spring-aop/6.2.5/spring-aop-6.2.5.jar:/home/elvis/.m2/repository/org/springframework/security/spring-security-config/6.4.4/spring-security-config-6.4.4.jar:/home/elvis/.m2/repository/org/springframework/security/spring-security-core/6.4.4/spring-security-core-6.4.4.jar:/home/elvis/.m2/repository/org/springframework/security/spring-security-crypto/6.4.4/spring-security-crypto-6.4.4.jar:/home/elvis/.m2/repository/org/springframework/security/spring-security-web/6.4.4/spring-security-web-6.4.4.jar:/home/elvis/.m2/repository/com/auth0/java-jwt/4.5.0/java-jwt-4.5.0.jar:/home/elvis/.m2/repository/com/fasterxml/jackson/core/jackson-core/2.18.3/jackson-core-2.18.3.jar:/home/elvis/.m2/repository/com/fasterxml/jackson/core/jackson-databind/2.18.3/jackson-databind-2.18.3.jar:/home/elvis/.m2/repository/org/springframework/hateoas/spring-hateoas/2.4.1/spring-hateoas-2.4.1.jar:/home/elvis/.m2/repository/org/springframework/spring-beans/6.2.5/spring-beans-6.2.5.jar:/home/elvis/.m2/repository/org/springframework/spring-context/6.2.5/spring-context-6.2.5.jar:/home/elvis/.m2/repository/org/springframework/spring-core/6.2.5/spring-core-6.2.5.jar:/home/elvis/.m2/repository/org/springframework/spring-jcl/6.2.5/spring-jcl-6.2.5.jar:/home/elvis/.m2/repository/org/springframework/plugin/spring-plugin-core/3.0.0/spring-plugin-core-3.0.0.jar:/home/elvis/.m2/repository/com/jayway/jsonpath/json-path/2.9.0/json-path-2.9.0.jar:/home/elvis/.m2/repository/org/slf4j/slf4j-api/2.0.17/slf4j-api-2.0.17.jar:/home/elvis/.m2/repository/org/springdoc/springdoc-openapi-starter-webmvc-ui/2.8.6/springdoc-openapi-starter-webmvc-ui-2.8.6.jar:/home/elvis/.m2/repository/org/springdoc/springdoc-openapi-starter-webmvc-api/2.8.6/springdoc-openapi-starter-webmvc-api-2.8.6.jar:/home/elvis/.m2/repository/org/springdoc/springdoc-openapi-starter-common/2.8.6/springdoc-openapi-starter-common-2.8.6.jar:/home/elvis/.m2/repository/io/swagger/core/v3/swagger-core-jakarta/2.2.29/swagger-core-jakarta-2.2.29.jar:/home/elvis/.m2/repository/io/swagger/core/v3/swagger-annotations-jakarta/2.2.29/swagger-annotations-jakarta-2.2.29.jar:/home/elvis/.m2/repository/io/swagger/core/v3/swagger-models-jakarta/2.2.29/swagger-models-jakarta-2.2.29.jar:/home/elvis/.m2/repository/jakarta/validation/jakarta.validation-api/3.0.2/jakarta.validation-api-3.0.2.jar:/home/elvis/.m2/repository/org/webjars/swagger-ui/5.20.1/swagger-ui-5.20.1.jar:/home/elvis/.m2/repository/org/webjars/webjars-locator-lite/1.0.1/webjars-locator-lite-1.0.1.jar:/home/elvis/.m2/repository/org/jspecify/jspecify/1.0.0/jspecify-1.0.0.jar:/home/elvis/.m2/repository/com/fasterxml/jackson/dataformat/jackson-dataformat-xml/2.18.3/jackson-dataformat-xml-2.18.3.jar:/home/elvis/.m2/repository/com/fasterxml/jackson/core/jackson-annotations/2.18.3/jackson-annotations-2.18.3.jar:/home/elvis/.m2/repository/org/codehaus/woodstox/stax2-api/4.2.2/stax2-api-4.2.2.jar:/home/elvis/.m2/repository/com/fasterxml/woodstox/woodstox-core/7.0.0/woodstox-core-7.0.0.jar:/home/elvis/.m2/repository/com/fasterxml/jackson/dataformat/jackson-dataformat-yaml/2.18.3/jackson-dataformat-yaml-2.18.3.jar:/home/elvis/.m2/repository/org/yaml/snakeyaml/2.3/snakeyaml-2.3.jar:/home/elvis/.m2/repository/org/apache/commons/commons-csv/1.14.0/commons-csv-1.14.0.jar:/home/elvis/.m2/repository/commons-io/commons-io/2.18.0/commons-io-2.18.0.jar:/home/elvis/.m2/repository/commons-codec/commons-codec/1.17.2/commons-codec-1.17.2.jar:/home/elvis/.m2/repository/org/apache/poi/poi-ooxml/5.4.1/poi-ooxml-5.4.1.jar:/home/elvis/.m2/repository/org/apache/poi/poi/5.4.1/poi-5.4.1.jar:/home/elvis/.m2/repository/org/apache/commons/commons-math3/3.6.1/commons-math3-3.6.1.jar:/home/elvis/.m2/repository/com/zaxxer/SparseBitSet/1.3/SparseBitSet-1.3.jar:/home/elvis/.m2/repository/org/apache/poi/poi-ooxml-lite/5.4.1/poi-ooxml-lite-5.4.1.jar:/home/elvis/.m2/repository/org/apache/xmlbeans/xmlbeans/5.3.0/xmlbeans-5.3.0.jar:/home/elvis/.m2/repository/org/apache/commons/commons-compress/1.27.1/commons-compress-1.27.1.jar:/home/elvis/.m2/repository/com/github/virtuald/curvesapi/1.08/curvesapi-1.08.jar:/home/elvis/.m2/repository/org/apache/logging/log4j/log4j-api/2.24.3/log4j-api-2.24.3.jar:/home/elvis/.m2/repository/org/apache/commons/commons-collections4/4.4/commons-collections4-4.4.jar:/home/elvis/.m2/repository/net/sf/jasperreports/jasperreports/7.0.2/jasperreports-7.0.2.jar:/home/elvis/.m2/repository/commons-logging/commons-logging/1.3.0/commons-logging-1.3.0.jar:/home/elvis/.m2/repository/org/apache/xmlgraphics/batik-anim/1.18/batik-anim-1.18.jar:/home/elvis/.m2/repository/org/apache/xmlgraphics/batik-ext/1.18/batik-ext-1.18.jar:/home/elvis/.m2/repository/org/apache/xmlgraphics/batik-parser/1.18/batik-parser-1.18.jar:/home/elvis/.m2/repository/org/apache/xmlgraphics/batik-shared-resources/1.18/batik-shared-resources-1.18.jar:/home/elvis/.m2/repository/org/apache/xmlgraphics/batik-bridge/1.18/batik-bridge-1.18.jar:/home/elvis/.m2/repository/org/apache/xmlgraphics/batik-script/1.18/batik-script-1.18.jar:/home/elvis/.m2/repository/org/apache/xmlgraphics/batik-xml/1.18/batik-xml-1.18.jar:/home/elvis/.m2/repository/org/apache/xmlgraphics/xmlgraphics-commons/2.10/xmlgraphics-commons-2.10.jar:/home/elvis/.m2/repository/org/apache/xmlgraphics/batik-dom/1.18/batik-dom-1.18.jar:/home/elvis/.m2/repository/org/apache/xmlgraphics/batik-svg-dom/1.18/batik-svg-dom-1.18.jar:/home/elvis/.m2/repository/org/apache/xmlgraphics/batik-awt-util/1.18/batik-awt-util-1.18.jar:/home/elvis/.m2/repository/org/apache/xmlgraphics/batik-gvt/1.18/batik-gvt-1.18.jar:/home/elvis/.m2/repository/org/apache/xmlgraphics/batik-util/1.18/batik-util-1.18.jar:/home/elvis/.m2/repository/org/apache/xmlgraphics/batik-i18n/1.18/batik-i18n-1.18.jar:/home/elvis/.m2/repository/org/apache/xmlgraphics/batik-constants/1.18/batik-constants-1.18.jar:/home/elvis/.m2/repository/org/apache/xmlgraphics/batik-css/1.18/batik-css-1.18.jar:/home/elvis/.m2/repository/xml-apis/xml-apis-ext/1.3.04/xml-apis-ext-1.3.04.jar:/home/elvis/.m2/repository/commons-beanutils/commons-beanutils/1.9.4/commons-beanutils-1.9.4.jar:/home/elvis/.m2/repository/commons-collections/commons-collections/3.2.2/commons-collections-3.2.2.jar:/home/elvis/.m2/repository/net/sf/jasperreports/jasperreports-fonts/7.0.2/jasperreports-fonts-7.0.2.jar:/home/elvis/.m2/repository/net/sf/jasperreports/jasperreports-pdf/7.0.2/jasperreports-pdf-7.0.2.jar:/home/elvis/.m2/repository/com/github/librepdf/openpdf/1.3.32/openpdf-1.3.32.jar:/home/elvis/.m2/repository/com/adobe/xmp/xmpcore/6.1.11/xmpcore-6.1.11.jar:/home/elvis/.m2/repository/com/google/zxing/core/3.5.3/core-3.5.3.jar:/home/elvis/.m2/repository/com/google/zxing/javase/3.5.3/javase-3.5.3.jar:/home/elvis/.m2/repository/com/beust/jcommander/1.82/jcommander-1.82.jar:/home/elvis/.m2/repository/com/github/jai-imageio/jai-imageio-core/1.4.0/jai-imageio-core-1.4.0.jar:/home/elvis/.m2/repository/com/mysql/mysql-connector-j/9.1.0/mysql-connector-j-9.1.0.jar:/home/elvis/.m2/repository/org/flywaydb/flyway-core/10.20.1/flyway-core-10.20.1.jar:/home/elvis/.m2/repository/com/fasterxml/jackson/dataformat/jackson-dataformat-toml/2.18.3/jackson-dataformat-toml-2.18.3.jar:/home/elvis/.m2/repository/com/fasterxml/jackson/datatype/jackson-datatype-jsr310/2.18.3/jackson-datatype-jsr310-2.18.3.jar:/home/elvis/.m2/repository/org/flywaydb/flyway-mysql/10.20.1/flyway-mysql-10.20.1.jar:/home/elvis/.m2/repository/org/projectlombok/lombok/1.18.36/lombok-1.18.36.jar:/home/elvis/.m2/repository/com/github/dozermapper/dozer-core/7.0.0/dozer-core-7.0.0.jar:/home/elvis/.m2/repository/org/apache/commons/commons-lang3/3.17.0/commons-lang3-3.17.0.jar:/home/elvis/.m2/repository/jakarta/xml/bind/jakarta.xml.bind-api/4.0.2/jakarta.xml.bind-api-4.0.2.jar:/home/elvis/.m2/repository/org/glassfish/jaxb/jaxb-runtime/4.0.5/jaxb-runtime-4.0.5.jar:/home/elvis/.m2/repository/org/glassfish/jaxb/jaxb-core/4.0.5/jaxb-core-4.0.5.jar:/home/elvis/.m2/repository/org/glassfish/jaxb/txw2/4.0.5/txw2-4.0.5.jar:/home/elvis/.m2/repository/com/sun/istack/istack-commons-runtime/4.1.2/istack-commons-runtime-4.1.2.jar:/home/elvis/.m2/repository/org/glassfish/jaxb/jaxb-xjc/4.0.5/jaxb-xjc-4.0.5.jar:/home/elvis/.m2/repository/org/glassfish/jaxb/xsom/4.0.5/xsom-4.0.5.jar:/home/elvis/.m2/repository/com/sun/xml/bind/external/relaxng-datatype/4.0.5/relaxng-datatype-4.0.5.jar:/home/elvis/.m2/repository/org/glassfish/jaxb/codemodel/4.0.5/codemodel-4.0.5.jar:/home/elvis/.m2/repository/com/sun/xml/bind/external/rngom/4.0.5/rngom-4.0.5.jar:/home/elvis/.m2/repository/com/sun/xml/dtd-parser/dtd-parser/1.5.1/dtd-parser-1.5.1.jar:/home/elvis/.m2/repository/com/sun/istack/istack-commons-tools/4.1.2/istack-commons-tools-4.1.2.jar:/home/elvis/.m2/repository/org/slf4j/jcl-over-slf4j/2.0.17/jcl-over-slf4j-2.0.17.jar:/home/elvis/.m2/repository/org/objenesis/objenesis/3.3/objenesis-3.3.jar:/home/elvis/.m2/repository/org/mapstruct/mapstruct/1.6.3/mapstruct-1.6.3.jar:/home/elvis/.m2/repository/org/springframework/boot/spring-boot-starter-test/3.4.4/spring-boot-starter-test-3.4.4.jar:/home/elvis/.m2/repository/org/springframework/boot/spring-boot-test/3.4.4/spring-boot-test-3.4.4.jar:/home/elvis/.m2/repository/org/springframework/boot/spring-boot-test-autoconfigure/3.4.4/spring-boot-test-autoconfigure-3.4.4.jar:/home/elvis/.m2/repository/net/minidev/json-smart/2.5.2/json-smart-2.5.2.jar:/home/elvis/.m2/repository/net/minidev/accessors-smart/2.5.2/accessors-smart-2.5.2.jar:/home/elvis/.m2/repository/org/ow2/asm/asm/9.7.1/asm-9.7.1.jar:/home/elvis/.m2/repository/org/assertj/assertj-core/3.26.3/assertj-core-3.26.3.jar:/home/elvis/.m2/repository/org/awaitility/awaitility/4.2.2/awaitility-4.2.2.jar:/home/elvis/.m2/repository/org/hamcrest/hamcrest/2.2/hamcrest-2.2.jar:/home/elvis/.m2/repository/org/junit/jupiter/junit-jupiter/5.11.4/junit-jupiter-5.11.4.jar:/home/elvis/.m2/repository/org/junit/jupiter/junit-jupiter-api/5.11.4/junit-jupiter-api-5.11.4.jar:/home/elvis/.m2/repository/org/opentest4j/opentest4j/1.3.0/opentest4j-1.3.0.jar:/home/elvis/.m2/repository/org/junit/platform/junit-platform-commons/1.11.4/junit-platform-commons-1.11.4.jar:/home/elvis/.m2/repository/org/apiguardian/apiguardian-api/1.1.2/apiguardian-api-1.1.2.jar:/home/elvis/.m2/repository/org/junit/jupiter/junit-jupiter-params/5.11.4/junit-jupiter-params-5.11.4.jar:/home/elvis/.m2/repository/org/junit/jupiter/junit-jupiter-engine/5.11.4/junit-jupiter-engine-5.11.4.jar:/home/elvis/.m2/repository/org/junit/platform/junit-platform-engine/1.11.4/junit-platform-engine-1.11.4.jar:/home/elvis/.m2/repository/org/mockito/mockito-core/5.14.2/mockito-core-5.14.2.jar:/home/elvis/.m2/repository/net/bytebuddy/byte-buddy-agent/1.15.11/byte-buddy-agent-1.15.11.jar:/home/elvis/.m2/repository/org/mockito/mockito-junit-jupiter/5.14.2/mockito-junit-jupiter-5.14.2.jar:/home/elvis/.m2/repository/org/skyscreamer/jsonassert/1.5.3/jsonassert-1.5.3.jar:/home/elvis/.m2/repository/com/vaadin/external/google/android-json/0.0.20131108.vaadin1/android-json-0.0.20131108.vaadin1.jar:/home/elvis/.m2/repository/org/springframework/spring-test/6.2.5/spring-test-6.2.5.jar:/home/elvis/.m2/repository/org/xmlunit/xmlunit-core/2.10.0/xmlunit-core-2.10.0.jar:/home/elvis/.m2/repository/org/testcontainers/mysql/1.20.6/mysql-1.20.6.jar:/home/elvis/.m2/repository/org/testcontainers/jdbc/1.20.6/jdbc-1.20.6.jar:/home/elvis/.m2/repository/org/testcontainers/database-commons/1.20.6/database-commons-1.20.6.jar:/home/elvis/.m2/repository/org/testcontainers/testcontainers/1.20.6/testcontainers-1.20.6.jar:/home/elvis/.m2/repository/junit/junit/4.13.2/junit-4.13.2.jar:/home/elvis/.m2/repository/org/hamcrest/hamcrest-core/2.2/hamcrest-core-2.2.jar:/home/elvis/.m2/repository/org/rnorth/duct-tape/duct-tape/1.0.8/duct-tape-1.0.8.jar:/home/elvis/.m2/repository/org/jetbrains/annotations/17.0.0/annotations-17.0.0.jar:/home/elvis/.m2/repository/com/github/docker-java/docker-java-api/3.4.1/docker-java-api-3.4.1.jar:/home/elvis/.m2/repository/com/github/docker-java/docker-java-transport-zerodep/3.4.1/docker-java-transport-zerodep-3.4.1.jar:/home/elvis/.m2/repository/com/github/docker-java/docker-java-transport/3.4.1/docker-java-transport-3.4.1.jar:/home/elvis/.m2/repository/net/java/dev/jna/jna/5.13.0/jna-5.13.0.jar:/home/elvis/.m2/repository/io/rest-assured/rest-assured/5.5.1/rest-assured-5.5.1.jar:/home/elvis/.m2/repository/org/apache/groovy/groovy/4.0.26/groovy-4.0.26.jar:/home/elvis/.m2/repository/org/apache/groovy/groovy-xml/4.0.26/groovy-xml-4.0.26.jar:/home/elvis/.m2/repository/org/apache/httpcomponents/httpclient/4.5.13/httpclient-4.5.13.jar:/home/elvis/.m2/repository/org/apache/httpcomponents/httpcore/4.4.16/httpcore-4.4.16.jar:/home/elvis/.m2/repository/org/apache/httpcomponents/httpmime/4.5.13/httpmime-4.5.13.jar:/home/elvis/.m2/repository/org/ccil/cowan/tagsoup/tagsoup/1.2.1/tagsoup-1.2.1.jar:/home/elvis/.m2/repository/io/rest-assured/json-path/5.5.1/json-path-5.5.1.jar:/home/elvis/.m2/repository/org/apache/groovy/groovy-json/4.0.26/groovy-json-4.0.26.jar:/home/elvis/.m2/repository/io/rest-assured/rest-assured-common/5.5.1/rest-assured-common-5.5.1.jar:/home/elvis/.m2/repository/io/rest-assured/xml-path/5.5.1/xml-path-5.5.1.jar:/home/elvis/.m2/repository/org/springframework/boot/spring-boot-devtools/3.4.4/spring-boot-devtools-3.4.4.jar:/home/elvis/.m2/repository/org/springframework/boot/spring-boot/3.4.4/spring-boot-3.4.4.jar:/home/elvis/.m2/repository/org/springframework/boot/spring-boot-autoconfigure/3.4.4/spring-boot-autoconfigure-3.4.4.jar:"/>
    <property name="sun.cpu.endian" value="little"/>
    <property name="user.home" value="/home/elvis"/>
    <property name="user.language" value="en"/>
    <property name="java.specification.vendor" value="Oracle Corporation"/>
    <property name="java.version.date" value="2024-04-16"/>
    <property name="java.home" value="/home/elvis/.sdkman/candidates/java/21.0.3-oracle"/>
    <property name="file.separator" value="/"/>
    <property name="basedir" value="/home/elvis/projetos/udemy/rest-with-spring-boot-and-java-elvis/09_WorkingWithDTOPattern"/>
    <property name="java.vm.compressedOopsMode" value="Zero based"/>
    <property name="line.separator" value="&#10;"/>
    <property name="java.vm.specification.vendor" value="Oracle Corporation"/>
    <property name="java.specification.name" value="Java Platform API Specification"/>
    <property name="FILE_LOG_CHARSET" value="UTF-8"/>
    <property name="java.awt.headless" value="true"/>
    <property name="surefire.real.class.path" value="/home/elvis/projetos/udemy/rest-with-spring-boot-and-java-elvis/09_WorkingWithDTOPattern/target/surefire/surefirebooter-20250424162138139_3.jar"/>
    <property name="polyglot.engine.WarnInterpreterOnly" value="false"/>
    <property name="sun.management.compiler" value="HotSpot 64-Bit Tiered Compilers"/>
    <property name="java.runtime.version" value="21.0.3+7-LTS-152"/>
    <property name="user.name" value="elvis"/>
    <property name="stdout.encoding" value="UTF-8"/>
    <property name="path.separator" value=":"/>
    <property name="os.version" value="5.15.0-136-generic"/>
    <property name="java.runtime.name" value="Java(TM) SE Runtime Environment"/>
    <property name="file.encoding" value="UTF-8"/>
    <property name="java.vm.name" value="Java HotSpot(TM) 64-Bit Server VM"/>
    <property name="LOG_FILE" value="/home/elvis/logs/spring.log"/>
    <property name="localRepository" value="/home/elvis/.m2/repository"/>
    <property name="java.vendor.url.bug" value="https://bugreport.java.com/bugreport/"/>
    <property name="java.io.tmpdir" value="/tmp"/>
    <property name="com.zaxxer.hikari.pool_number" value="3"/>
    <property name="catalina.home" value="/tmp/tomcat.8888.17370818470175301373"/>
    <property name="java.version" value="21.0.3"/>
    <property name="user.dir" value="/home/elvis/projetos/udemy/rest-with-spring-boot-and-java-elvis/09_WorkingWithDTOPattern"/>
    <property name="os.arch" value="amd64"/>
    <property name="java.vm.specification.name" value="Java Virtual Machine Specification"/>
    <property name="PID" value="1745177"/>
    <property name="CONSOLE_LOG_CHARSET" value="UTF-8"/>
    <property name="catalina.base" value="/tmp/tomcat.0.4785311143090203909"/>
    <property name="native.encoding" value="UTF-8"/>
    <property name="java.library.path" value="/usr/java/packages/lib:/usr/lib64:/lib64:/lib:/usr/lib"/>
    <property name="java.vm.info" value="mixed mode, sharing"/>
    <property name="stderr.encoding" value="UTF-8"/>
    <property name="java.vendor" value="Oracle Corporation"/>
    <property name="java.vm.version" value="21.0.3+7-LTS-152"/>
    <property name="sun.io.unicode.encoding" value="UnicodeLittle"/>
    <property name="java.class.version" value="65.0"/>
  </properties>
  <testcase name="shouldDisplaySwaggerUIPage" classname="br.com.elvisassis.integrationtests.swagger.SwaggerIntegrationTest" time="0.202">
    <system-out><![CDATA[2025-04-24T16:23:21.198-03:00  INFO 1745177 --- [           main] t.c.s.AnnotationConfigContextLoaderUtils : Could not detect default configuration classes for test class [br.com.elvisassis.integrationtests.testconstainers.AbstractIntegrationTest]: AbstractIntegrationTest does not declare any static, non-private, non-final, nested classes annotated with @Configuration.
2025-04-24T16:23:21.205-03:00  INFO 1745177 --- [           main] .b.t.c.SpringBootTestContextBootstrapper : Found @SpringBootConfiguration br.com.elvisassis.Startup for test class br.com.elvisassis.integrationtests.swagger.SwaggerIntegrationTest
2025-04-24T16:23:21.209-03:00  INFO 1745177 --- [           main] o.s.b.d.r.RestartApplicationListener     : Restart disabled due to context in which it is running

  .   ____          _            __ _ _
 /\\ / ___'_ __ _ _(_)_ __  __ _ \ \ \ \
( ( )\___ | '_ | '_| | '_ \/ _` | \ \ \ \
 \\/  ___)| |_)| | | | | || (_| |  ) ) ) )
  '  |____| .__|_| |_|_| |_\__, | / / / /
 =========|_|==============|___/=/_/_/_/

 :: Spring Boot ::                (v3.4.4)

2025-04-24T16:23:21.236-03:00  INFO 1745177 --- [           main] b.c.e.i.swagger.SwaggerIntegrationTest   : Starting SwaggerIntegrationTest using Java 21.0.3 with PID 1745177 (started by elvis in /home/elvis/projetos/udemy/rest-with-spring-boot-and-java-elvis/09_WorkingWithDTOPattern)
2025-04-24T16:23:21.236-03:00 DEBUG 1745177 --- [           main] b.c.e.i.swagger.SwaggerIntegrationTest   : Running with Spring Boot v3.4.4, Spring v6.2.5
2025-04-24T16:23:21.237-03:00  INFO 1745177 --- [           main] b.c.e.i.swagger.SwaggerIntegrationTest   : No active profile set, falling back to 1 default profile: "default"
2025-04-24T16:23:21.451-03:00  INFO 1745177 --- [           main] .s.d.r.c.RepositoryConfigurationDelegate : Bootstrapping Spring Data JPA repositories in DEFAULT mode.
2025-04-24T16:23:21.470-03:00  INFO 1745177 --- [           main] .s.d.r.c.RepositoryConfigurationDelegate : Finished Spring Data repository scanning in 17 ms. Found 3 JPA repository interfaces.
2025-04-24T16:23:21.569-03:00  INFO 1745177 --- [           main] o.s.b.w.embedded.tomcat.TomcatWebServer  : Tomcat initialized with port 0 (http)
2025-04-24T16:23:21.570-03:00  INFO 1745177 --- [           main] o.apache.catalina.core.StandardService   : Starting service [Tomcat]
2025-04-24T16:23:21.570-03:00  INFO 1745177 --- [           main] o.apache.catalina.core.StandardEngine    : Starting Servlet engine: [Apache Tomcat/10.1.39]
2025-04-24T16:23:21.584-03:00  INFO 1745177 --- [           main] o.a.c.c.C.[Tomcat-1].[localhost].[/]     : Initializing Spring embedded WebApplicationContext
2025-04-24T16:23:21.585-03:00  INFO 1745177 --- [           main] w.s.c.ServletWebServerApplicationContext : Root WebApplicationContext: initialization completed in 347 ms
2025-04-24T16:23:21.626-03:00  INFO 1745177 --- [           main] com.zaxxer.hikari.HikariDataSource       : HikariPool-3 - Starting...
2025-04-24T16:23:21.667-03:00  INFO 1745177 --- [           main] com.zaxxer.hikari.pool.HikariPool        : HikariPool-3 - Added connection com.mysql.cj.jdbc.ConnectionImpl@eabde6e
2025-04-24T16:23:21.667-03:00  INFO 1745177 --- [           main] com.zaxxer.hikari.HikariDataSource       : HikariPool-3 - Start completed.
2025-04-24T16:23:21.673-03:00  INFO 1745177 --- [           main] org.flywaydb.core.FlywayExecutor         : Database: jdbc:mysql://localhost:32827/test (MySQL 9.1)
2025-04-24T16:23:21.678-03:00  WARN 1745177 --- [           main] o.f.c.internal.database.base.Database    : Flyway upgrade recommended: MySQL 9.1 is newer than this version of Flyway and support has not been tested. The latest supported version of MySQL is 8.1.
2025-04-24T16:23:21.693-03:00  INFO 1745177 --- [           main] o.f.core.internal.command.DbValidate     : Successfully validated 18 migrations (execution time 00:00.012s)
2025-04-24T16:23:21.701-03:00  INFO 1745177 --- [           main] o.f.core.internal.command.DbMigrate      : Current version of schema `test`: 18
2025-04-24T16:23:21.702-03:00  INFO 1745177 --- [           main] o.f.core.internal.command.DbMigrate      : Schema `test` is up to date. No migration necessary.
2025-04-24T16:23:21.716-03:00  INFO 1745177 --- [           main] o.hibernate.jpa.internal.util.LogHelper  : HHH000204: Processing PersistenceUnitInfo [name: default]
2025-04-24T16:23:21.717-03:00  INFO 1745177 --- [           main] o.h.c.internal.RegionFactoryInitiator    : HHH000026: Second-level cache disabled
2025-04-24T16:23:21.723-03:00  INFO 1745177 --- [           main] o.s.o.j.p.SpringPersistenceUnitInfo      : No LoadTimeWeaver setup: ignoring JPA class transformer
2025-04-24T16:23:21.726-03:00  INFO 1745177 --- [           main] org.hibernate.orm.connections.pooling    : HHH10001005: Database info:
	Database JDBC URL [Connecting through datasource 'HikariDataSource (HikariPool-3)']
	Database driver: undefined/unknown
	Database version: 9.1
	Autocommit mode: undefined/unknown
	Isolation level: undefined/unknown
	Minimum pool size: undefined/unknown
	Maximum pool size: undefined/unknown
2025-04-24T16:23:21.837-03:00  INFO 1745177 --- [           main] o.h.e.t.j.p.i.JtaPlatformInitiator       : HHH000489: No JTA platform available (set 'hibernate.transaction.jta.platform' to enable JTA platform integration)
2025-04-24T16:23:21.837-03:00  INFO 1745177 --- [           main] j.LocalContainerEntityManagerFactoryBean : Initialized JPA EntityManagerFactory for persistence unit 'default'
2025-04-24T16:23:21.877-03:00  INFO 1745177 --- [           main] r$InitializeUserDetailsManagerConfigurer : Global AuthenticationManager configured with UserDetailsService bean with name userService
2025-04-24T16:23:21.900-03:00  INFO 1745177 --- [           main] b.c.e.services.FileStorageService        : Creating Directories
2025-04-24T16:23:22.056-03:00  INFO 1745177 --- [           main] o.s.v.b.OptionalValidatorFactoryBean     : Failed to set up a Bean Validation provider: jakarta.validation.NoProviderFoundException: Unable to create a Configuration, because no Jakarta Bean Validation provider could be found. Add a provider like Hibernate Validator (RI) to your classpath.
2025-04-24T16:23:22.127-03:00  INFO 1745177 --- [           main] o.s.b.w.embedded.tomcat.TomcatWebServer  : Tomcat started on port 43279 (http) with context path '/'
2025-04-24T16:23:22.131-03:00  INFO 1745177 --- [           main] b.c.e.i.swagger.SwaggerIntegrationTest   : Started SwaggerIntegrationTest in 0.922 seconds (process running for 103.735)
2025-04-24T16:23:22.141-03:00  INFO 1745177 --- [o-auto-1-exec-1] o.a.c.c.C.[Tomcat-1].[localhost].[/]     : Initializing Spring DispatcherServlet 'dispatcherServlet'
2025-04-24T16:23:22.141-03:00  INFO 1745177 --- [o-auto-1-exec-1] o.s.web.servlet.DispatcherServlet        : Initializing Servlet 'dispatcherServlet'
2025-04-24T16:23:22.143-03:00  INFO 1745177 --- [o-auto-1-exec-1] o.s.web.servlet.DispatcherServlet        : Completed initialization in 2 ms
]]></system-out>
  </testcase>
</testsuite>